<?xml version="1.0" encoding="UTF-8"?>
<testsuite name="Testing" tests="1" skipped="0" failures="0" errors="0" timestamp="2017-10-04T20:41:14" hostname="LAceleal" time="5.075">
  <properties/>
  <testcase name="openBrowserAndDoSomething" classname="Testing" time="5.075"/>
  <system-out><![CDATA[]]></system-out>
  <system-err><![CDATA[Starting ChromeDriver 2.32.498537 (cb2f855cbc7b82e20387eaf9a43f6b99b6105061) on port 28917
Only local connections are allowed.
Oct 04, 2017 5:41:17 PM org.openqa.selenium.remote.ProtocolHandshake createSession
INFO: Detected dialect: OSS
]]></system-err>
</testsuite>
