<?xml version="1.0" encoding="UTF-8"?>
<testsuite name="ChromeHeadless" tests="1" skipped="0" failures="0" errors="0" timestamp="2017-10-06T21:27:11" hostname="c68f4c3c45a1" time="27.204">
  <properties/>
  <testcase name="openBrowserAndDoSomething" classname="ChromeHeadless" time="27.204"/>
  <system-out><![CDATA[]]></system-out>
  <system-err><![CDATA[Starting ChromeDriver 2.22 (5e2d5494d735a71aa5c2e7ef9bf5ce96945e92e9) on port 30253
Only local connections are allowed.
Oct 06, 2017 9:27:27 PM org.openqa.selenium.remote.ProtocolHandshake createSession
INFO: Detected dialect: OSS
]]></system-err>
</testsuite>
