<?xml version="1.0" encoding="UTF-8"?>
<testsuite name="FirefoxHeadless" tests="1" skipped="0" failures="0" errors="0" timestamp="2017-10-05T20:04:15" hostname="LAceleal" time="6.426">
  <properties/>
  <testcase name="openBrowserAndDoSomething" classname="FirefoxHeadless" time="6.426"/>
  <system-out><![CDATA[]]></system-out>
  <system-err><![CDATA[Starting ChromeDriver 2.33.506106 (8a06c39c4582fbfbab6966dbb1c38a9173bfb1a2) on port 43763
Only local connections are allowed.
Oct 05, 2017 5:04:17 PM org.openqa.selenium.remote.ProtocolHandshake createSession
INFO: Detected dialect: OSS
]]></system-err>
</testsuite>
